[    0.000000] Linux version 4.15.0-210-generic (buildd@lcy02-amd64-056) (gcc version 7.5.0 (Ubuntu 7.5.0-3ubuntu1~18.04)) #221-Ubuntu SMP Tue Apr 18 08:32:52 UTC 2023 (Ubuntu 4.15.0-210.221-generic 4.15.18)
[    0.000000] Command line: BOOT_IMAGE=/boot/vmlinuz-4.15.0-210-generic root=LABEL=cloudimg-rootfs ro console=tty1 console=ttyS0
[    0.000000] KERNEL supported cpus:
[    0.000000]   Intel GenuineIntel
[    0.000000]   AMD AuthenticAMD
[    0.000000]   Centaur CentaurHauls
[    0.000000] x86/fpu: x87 FPU will use FXSAVE
[    0.000000] e820: BIOS-provided physical RAM map:
[    0.000000] BIOS-e820: [mem 0x0000000000000000-0x000000000009fbff] usable
[    0.000000] BIOS-e820: [mem 0x000000000009fc00-0x000000000009ffff] reserved
[    0.000000] BIOS-e820: [mem 0x00000000000f0000-0x00000000000fffff] reserved
[    0.000000] BIOS-e820: [mem 0x0000000000100000-0x000000003ffeffff] usable
[    0.000000] BIOS-e820: [mem 0x000000003fff0000-0x000000003fffffff] ACPI data
[    0.000000] BIOS-e820: [mem 0x00000000fec00000-0x00000000fec00fff] reserved
[    0.000000] BIOS-e820: [mem 0x00000000fee00000-0x00000000fee00fff] reserved
[    0.000000] BIOS-e820: [mem 0x00000000fffc0000-0x00000000ffffffff] reserved
[    0.000000] NX (Execute Disable) protection: active
[    0.000000] SMBIOS 2.5 present.
[    0.000000] DMI: innotek GmbH VirtualBox/VirtualBox, BIOS VirtualBox 12/01/2006
[    0.000000] Hypervisor detected: KVM
[    0.000000] e820: last_pfn = 0x3fff0 max_arch_pfn = 0x400000000
[    0.000000] MTRR: Disabled
[    0.000000] x86/PAT: MTRRs disabled, skipping PAT initialization too.
[    0.000000] CPU MTRRs all blank - virtualized system.
[    0.000000] x86/PAT: Configuration [0-7]: WB  WT  UC- UC  WB  WT  UC- UC  
[    0.000000] found SMP MP-table at [mem 0x0009fff0-0x0009ffff]
[    0.000000] Scanning 1 areas for low memory corruption
[    0.000000] RAMDISK: [mem 0x359c9000-0x36cdbfff]
[    0.000000] ACPI: Early table checksum verification disabled
[    0.000000] ACPI: RSDP 0x00000000000E0000 000024 (v02 VBOX  )
[    0.000000] ACPI: XSDT 0x000000003FFF0030 00003C (v01 VBOX   VBOXXSDT 00000001 ASL  00000061)
[    0.000000] ACPI: FACP 0x000000003FFF00F0 0000F4 (v04 VBOX   VBOXFACP 00000001 ASL  00000061)
[    0.000000] ACPI: DSDT 0x000000003FFF0610 002353 (v02 VBOX   VBOXBIOS 00000002 INTL 20100528)
[    0.000000] ACPI: FACS 0x000000003FFF0200 000040
[    0.000000] ACPI: FACS 0x000000003FFF0200 000040
[    0.000000] ACPI: APIC 0x000000003FFF0240 00005C (v02 VBOX   VBOXAPIC 00000001 ASL  00000061)
[    0.000000] ACPI: SSDT 0x000000003FFF02A0 00036C (v01 VBOX   VBOXCPUT 00000002 INTL 20100528)
[    0.000000] ACPI: Reserving FACP table memory at [mem 0x3fff00f0-0x3fff01e3]
[    0.000000] ACPI: Reserving DSDT table memory at [mem 0x3fff0610-0x3fff2962]
[    0.000000] ACPI: Reserving FACS table memory at [mem 0x3fff0200-0x3fff023f]
[    0.000000] ACPI: Reserving FACS table memory at [mem 0x3fff0200-0x3fff023f]
[    0.000000] ACPI: Reserving APIC table memory at [mem 0x3fff0240-0x3fff029b]
[    0.000000] ACPI: Reserving SSDT table memory at [mem 0x3fff02a0-0x3fff060b]
[    0.000000] No NUMA configuration found
[    0.000000] Faking a node at [mem 0x0000000000000000-0x000000003ffeffff]
[    0.000000] NODE_DATA(0) allocated [mem 0x3ffc5000-0x3ffeffff]
[    0.000000] kvm-clock: cpu 0, msr 0:3ff44001, primary cpu clock
[    0.000000] kvm-clock: Using msrs 4b564d01 and 4b564d00
[    0.000000] kvm-clock: using sched offset of 5484972302 cycles
[    0.000000] clocksource: kvm-clock: mask: 0xffffffffffffffff max_cycles: 0x1cd42e4dffb, max_idle_ns: 881590591483 ns
[    0.000000] Zone ranges:
[    0.000000]   DMA      [mem 0x0000000000001000-0x0000000000ffffff]
[    0.000000]   DMA32    [mem 0x0000000001000000-0x000000003ffeffff]
[    0.000000]   Normal   empty
[    0.000000]   Device   empty
[    0.000000] Movable zone start for each node
[    0.000000] Early memory node ranges
[    0.000000]   node   0: [mem 0x0000000000001000-0x000000000009efff]
[    0.000000]   node   0: [mem 0x0000000000100000-0x000000003ffeffff]
[    0.000000] Reserved but unavailable: 104 pages
[    0.000000] Initmem setup node 0 [mem 0x0000000000001000-0x000000003ffeffff]
[    0.000000] ACPI: PM-Timer IO Port: 0x4008
[    0.000000] IOAPIC[0]: apic_id 2, version 32, address 0xfec00000, GSI 0-23
[    0.000000] ACPI: INT_SRC_OVR (bus 0 bus_irq 0 global_irq 2 dfl dfl)
[    0.000000] ACPI: INT_SRC_OVR (bus 0 bus_irq 9 global_irq 9 low level)
[    0.000000] Using ACPI (MADT) for SMP configuration information
[    0.000000] smpboot: Allowing 2 CPUs, 0 hotplug CPUs
[    0.000000] PM: Registered nosave memory: [mem 0x00000000-0x00000fff]
[    0.000000] PM: Registered nosave memory: [mem 0x0009f000-0x0009ffff]
[    0.000000] PM: Registered nosave memory: [mem 0x000a0000-0x000effff]
[    0.000000] PM: Registered nosave memory: [mem 0x000f0000-0x000fffff]
[    0.000000] e820: [mem 0x40000000-0xfebfffff] available for PCI devices
[    0.000000] Booting paravirtualized kernel on KVM
[    0.000000] clocksource: refined-jiffies: mask: 0xffffffff max_cycles: 0xffffffff, max_idle_ns: 7645519600211568 ns
[    0.000000] setup_percpu: NR_CPUS:8192 nr_cpumask_bits:2 nr_cpu_ids:2 nr_node_ids:1
[    0.000000] percpu: Embedded 50 pages/cpu s167936 r8192 d28672 u1048576
[    0.000000] PV qspinlock hash table entries: 256 (order: 0, 4096 bytes)
[    0.000000] Built 1 zonelists, mobility grouping on.  Total pages: 257913
[    0.000000] Policy zone: DMA32
[    0.000000] Kernel command line: BOOT_IMAGE=/boot/vmlinuz-4.15.0-210-generic root=LABEL=cloudimg-rootfs ro console=tty1 console=ttyS0
[    0.000000] Memory: 982640K/1048120K available (12300K kernel code, 2477K rwdata, 4324K rodata, 2480K init, 2720K bss, 65480K reserved, 0K cma-reserved)
[    0.000000] SLUB: HWalign=64, Order=0-3, MinObjects=0, CPUs=2, Nodes=1
[    0.000000] ftrace: allocating 39506 entries in 155 pages
[    0.004000] Hierarchical RCU implementation.
[    0.004000] 	RCU restricting CPUs from NR_CPUS=8192 to nr_cpu_ids=2.
[    0.004000] 	Tasks RCU enabled.
[    0.004000] RCU: Adjusting geometry for rcu_fanout_leaf=16, nr_cpu_ids=2
[    0.004000] NR_IRQS: 524544, nr_irqs: 440, preallocated irqs: 16
[    0.004000] random: crng init done
[    0.004000] Console: colour VGA+ 80x25
[    0.004000] console [tty1] enabled
[    0.004000] console [ttyS0] enabled
[    0.004000] ACPI: Core revision 20170831
[    0.004000] ACPI: 2 ACPI AML tables successfully acquired and loaded
[    0.004000] APIC: Switch to symmetric I/O mode setup
[    0.012000] ..TIMER: vector=0x30 apic1=0 pin1=2 apic2=-1 pin2=-1
[    0.012014] tsc: Detected 2495.998 MHz processor
[    0.016023] Calibrating delay loop (skipped) preset value.. 4991.99 BogoMIPS (lpj=9983992)
[    0.020010] pid_max: default: 32768 minimum: 301
[    0.024168] Security Framework initialized
[    0.028011] Yama: becoming mindful.
[    0.032348] AppArmor: AppArmor initialized
[    0.048000] Dentry cache hash table entries: 131072 (order: 8, 1048576 bytes)
[    0.056000] Inode-cache hash table entries: 65536 (order: 7, 524288 bytes)
[    0.056203] Mount-cache hash table entries: 2048 (order: 2, 16384 bytes)
[    0.060301] Mountpoint-cache hash table entries: 2048 (order: 2, 16384 bytes)
[    0.072000] Last level iTLB entries: 4KB 0, 2MB 0, 4MB 0
[    0.072013] Last level dTLB entries: 4KB 0, 2MB 0, 4MB 0, 1GB 0
[    0.076012] Spectre V1 : Mitigation: usercopy/swapgs barriers and __user pointer sanitization
[    0.080010] Spectre V2 : Mitigation: Enhanced IBRS
[    0.084009] Spectre V2 : Spectre v2 / SpectreRSB mitigation: Filling RSB on context switch
[    0.088013] Spectre V2 : Spectre v2 / PBRSB-eIBRS: Retire a single CALL on VMEXIT
[    0.092010] RETBleed: Mitigation: Enhanced IBRS
[    0.096010] Speculative Store Bypass: Vulnerable
[    0.100524] Freeing SMP alternatives memory: 36K
[    0.221643] smpboot: CPU0: 12th Gen Intel(R) Core(TM) i5-12450H (family: 0x6, model: 0x9a, stepping: 0x3)
[    0.224822] Performance Events: unsupported p6 CPU model 154 no PMU driver, software events only.
[    0.232235] Hierarchical SRCU implementation.
[    0.238118] NMI watchdog: Perf event create on CPU 0 failed with -2
[    0.240251] NMI watchdog: Perf NMI watchdog permanently disabled
[    0.245389] smp: Bringing up secondary CPUs ...
[    0.253998] x86: Booting SMP configuration:
[    0.256015] .... node  #0, CPUs:      #1
[    0.004000] kvm-clock: cpu 1, msr 0:3ff44041, secondary cpu clock
[    0.291950] TSC synchronization [CPU#0 -> CPU#1]:
[    0.292000] Measured 135425 cycles TSC warp between CPUs, turning off TSC clock.
[    0.292000] tsc: Marking TSC unstable due to check_tsc_sync_source failed
[    0.296788] smp: Brought up 1 node, 2 CPUs
[    0.300016] smpboot: Max logical packages: 1
[    0.304019] smpboot: Total of 2 processors activated (9983.99 BogoMIPS)
[    0.320012] devtmpfs: initialized
[    0.328327] x86/mm: Memory block size: 128MB
[    0.333352] evm: security.selinux
[    0.336013] evm: security.SMACK64
[    0.340014] evm: security.SMACK64EXEC
[    0.344012] evm: security.SMACK64TRANSMUTE
[    0.348012] evm: security.SMACK64MMAP
[    0.352013] evm: security.apparmor
[    0.356007] evm: security.ima
[    0.360012] evm: security.capability
[    0.369098] clocksource: jiffies: mask: 0xffffffff max_cycles: 0xffffffff, max_idle_ns: 7645041785100000 ns
[    0.376027] futex hash table entries: 512 (order: 3, 32768 bytes)
[    0.384277] pinctrl core: initialized pinctrl subsystem
[    0.389262] RTC time: 15:53:38, date: 05/09/23
[    0.398159] NET: Registered protocol family 16
[    0.400116] audit: initializing netlink subsys (disabled)
[    0.405049] audit: type=2000 audit(1683647622.500:1): state=initialized audit_enabled=0 res=1
[    0.436029] cpuidle: using governor ladder
[    0.440034] cpuidle: using governor menu
[    0.444143] ACPI: bus type PCI registered
[    0.448011] acpiphp: ACPI Hot Plug PCI Controller Driver version: 0.5
[    0.457175] PCI: Using configuration type 1 for base access
[    0.468555] HugeTLB registered 2.00 MiB page size, pre-allocated 0 pages
[    0.481109] ACPI: Added _OSI(Module Device)
[    0.484012] ACPI: Added _OSI(Processor Device)
[    0.488008] ACPI: Added _OSI(3.0 _SCP Extensions)
[    0.492013] ACPI: Added _OSI(Processor Aggregator Device)
[    0.496015] ACPI: Added _OSI(Linux-Dell-Video)
[    0.500014] ACPI: Added _OSI(Linux-Lenovo-NV-HDMI-Audio)
[    0.504019] ACPI: Added _OSI(Linux-HPI-Hybrid-Graphics)
[    0.514527] ACPI: Executed 1 blocks of module-level executable AML code
[    0.531674] ACPI: Interpreter enabled
[    0.532047] ACPI: (supports S0 S5)
[    0.536012] ACPI: Using IOAPIC for interrupt routing
[    0.541289] PCI: Using host bridge windows from ACPI; if necessary, use "pci=nocrs" and report a bug
[    0.544570] ACPI: Enabled 2 GPEs in block 00 to 07
[    0.576275] ACPI: PCI Root Bridge [PCI0] (domain 0000 [bus 00-ff])
[    0.580031] acpi PNP0A03:00: _OSC: OS supports [ASPM ClockPM Segments MSI]
[    0.589945] acpi PNP0A03:00: _OSC: not requesting OS control; OS requires [ExtendedConfig ASPM ClockPM MSI]
[    0.592073] acpi PNP0A03:00: fail to add MMCONFIG information, can't access extended PCI configuration space under this bridge.
[    0.602482] PCI host bridge to bus 0000:00
[    0.604019] pci_bus 0000:00: root bus resource [io  0x0000-0x0cf7 window]
[    0.608017] pci_bus 0000:00: root bus resource [io  0x0d00-0xffff window]
[    0.612012] pci_bus 0000:00: root bus resource [mem 0x000a0000-0x000bffff window]
[    0.616012] pci_bus 0000:00: root bus resource [mem 0x40000000-0xfdffffff window]
[    0.620021] pci_bus 0000:00: root bus resource [bus 00-ff]
[    0.647902] pci 0000:00:01.1: legacy IDE quirk: reg 0x10: [io  0x01f0-0x01f7]
[    0.648013] pci 0000:00:01.1: legacy IDE quirk: reg 0x14: [io  0x03f6]
[    0.652014] pci 0000:00:01.1: legacy IDE quirk: reg 0x18: [io  0x0170-0x0177]
[    0.656013] pci 0000:00:01.1: legacy IDE quirk: reg 0x1c: [io  0x0376]
[    0.711416] pci 0000:00:07.0: quirk: [io  0x4000-0x403f] claimed by PIIX4 ACPI
[    0.716152] pci 0000:00:07.0: quirk: [io  0x4100-0x410f] claimed by PIIX4 SMB
[    0.755749] ACPI: PCI Interrupt Link [LNKA] (IRQs 5 9 10 *11)
[    0.757849] ACPI: PCI Interrupt Link [LNKB] (IRQs 5 9 *10 11)
[    0.760542] ACPI: PCI Interrupt Link [LNKC] (IRQs 5 *9 10 11)
[    0.764522] ACPI: PCI Interrupt Link [LNKD] (IRQs 5 9 10 *11)
[    0.769413] SCSI subsystem initialized
[    0.776298] pci 0000:00:02.0: vgaarb: setting as boot VGA device
[    0.780000] pci 0000:00:02.0: vgaarb: VGA device added: decodes=io+mem,owns=io+mem,locks=none
[    0.780023] pci 0000:00:02.0: vgaarb: bridge control possible
[    0.784013] vgaarb: loaded
[    0.788296] ACPI: bus type USB registered
[    0.792063] usbcore: registered new interface driver usbfs
[    0.796113] usbcore: registered new interface driver hub
[    0.800041] usbcore: registered new device driver usb
[    0.804363] EDAC MC: Ver: 3.0.0
[    0.816359] PCI: Using ACPI for IRQ routing
[    0.825357] NetLabel: Initializing
[    0.828013] NetLabel:  domain hash size = 128
[    0.832012] NetLabel:  protocols = UNLABELED CIPSOv4 CALIPSO
[    0.836057] NetLabel:  unlabeled traffic allowed by default
[    0.848017] clocksource: Switched to clocksource kvm-clock
[    0.872318] VFS: Disk quotas dquot_6.6.0
[    0.872318] VFS: Dquot-cache hash table entries: 512 (order 0, 4096 bytes)
[    0.872318] AppArmor: AppArmor Filesystem Enabled
[    0.872318] pnp: PnP ACPI init
[    0.872318] pnp: PnP ACPI: found 3 devices
[    1.149386] clocksource: acpi_pm: mask: 0xffffff max_cycles: 0xffffff, max_idle_ns: 2085701024 ns
[    1.174352] NET: Registered protocol family 2
[    1.178106] IP idents hash table entries: 16384 (order: 5, 131072 bytes)
[    1.178106] TCP established hash table entries: 8192 (order: 4, 65536 bytes)
[    1.231983] TCP bind hash table entries: 8192 (order: 5, 131072 bytes)
[    1.253291] TCP: Hash tables configured (established 8192 bind 8192)
[    1.255484] UDP hash table entries: 512 (order: 2, 16384 bytes)
[    1.255484] UDP-Lite hash table entries: 512 (order: 2, 16384 bytes)
[    1.255484] NET: Registered protocol family 1
[    1.255484] pci 0000:00:00.0: Limiting direct PCI/PCI transfers
[    1.255484] pci 0000:00:01.0: Activating ISA DMA hang workarounds
[    1.255484] pci 0000:00:02.0: Video device with shadowed ROM at [mem 0x000c0000-0x000dffff]
[    1.255484] Unpacking initramfs...
[    2.723259] Freeing initrd memory: 19532K
[    2.734367] clocksource: tsc: mask: 0xffffffffffffffff max_cycles: 0x23fa754787d, max_idle_ns: 440795210092 ns
[    2.764798] platform rtc_cmos: registered platform RTC device (no PNP device found)
[    2.788871] Scanning for low memory corruption every 60 seconds
[    2.815653] Initialise system trusted keyrings
[    2.830283] Key type blacklist registered
[    2.847025] workingset: timestamp_bits=36 max_order=18 bucket_order=0
[    2.874954] zbud: loaded
[    2.889648] squashfs: version 4.0 (2009/01/31) Phillip Lougher
[    2.906475] fuse init (API version 7.26)
[    2.969387] Key type asymmetric registered
[    2.981256] Asymmetric key parser 'x509' registered
[    2.993133] Block layer SCSI generic (bsg) driver version 0.4 loaded (major 246)
[    3.021390] io scheduler noop registered
[    3.033208] io scheduler deadline registered
[    3.046457] io scheduler cfq registered (default)
[    3.058803] ACPI: AC Adapter [AC] (on-line)
[    3.071114] input: Power Button as /devices/LNXSYSTM:00/LNXPWRBN:00/input/input0
[    3.095787] ACPI: Power Button [PWRF]
[    3.106157] input: Sleep Button as /devices/LNXSYSTM:00/LNXSLPBN:00/input/input1
[    3.125655] ACPI: Sleep Button [SLPF]
[    3.142584] Serial: 8250/16550 driver, 32 ports, IRQ sharing enabled
[    3.146377] ACPI: Battery Slot [BAT0] (battery present)
[    3.214947] 00:02: ttyS0 at I/O 0x3f8 (irq = 4, base_baud = 115200) is a 16550A
[    3.292928] Linux agpgart interface v0.103
[    3.339917] loop: module loaded
[    3.359015] scsi host0: ata_piix
[    3.374005] scsi host1: ata_piix
[    3.381869] ata1: PATA max UDMA/33 cmd 0x1f0 ctl 0x3f6 bmdma 0xd000 irq 14
[    3.400510] ata2: PATA max UDMA/33 cmd 0x170 ctl 0x376 bmdma 0xd008 irq 15
[    3.417587] tun: Universal TUN/TAP device driver, 1.6
[    3.437742] PPP generic driver version 2.4.2
[    3.451672] ehci_hcd: USB 2.0 'Enhanced' Host Controller (EHCI) Driver
[    3.470763] ehci-pci: EHCI PCI platform driver
[    3.484551] ehci-platform: EHCI generic platform driver
[    3.500087] ohci_hcd: USB 1.1 'Open' Host Controller (OHCI) Driver
[    3.517795] ohci-pci: OHCI PCI platform driver
[    3.530123] ohci-platform: OHCI generic platform driver
[    3.546724] uhci_hcd: USB Universal Host Controller Interface driver
[    3.566080] i8042: PNP: PS/2 Controller [PNP0303:PS2K,PNP0f03:PS2M] at 0x60,0x64 irq 1,12
[    3.608777] serio: i8042 KBD port at 0x60,0x64 irq 1
[    3.625294] serio: i8042 AUX port at 0x60,0x64 irq 12
[    3.653209] mousedev: PS/2 mouse device common for all mice
[    3.678018] input: AT Translated Set 2 keyboard as /devices/platform/i8042/serio0/input/input2
[    3.708189] rtc_cmos rtc_cmos: rtc core: registered rtc_cmos as rtc0
[    3.728062] rtc_cmos rtc_cmos: alarms up to one day, 114 bytes nvram
[    3.739437] i2c /dev entries driver
[    3.749754] device-mapper: uevent: version 1.0.3
[    3.762941] device-mapper: ioctl: 4.37.0-ioctl (2017-09-20) initialised: dm-devel@redhat.com
[    3.789928] ledtrig-cpu: registered to indicate activity on CPUs
[    3.818033] NET: Registered protocol family 10
[    3.880075] Segment Routing with IPv6
[    3.892304] NET: Registered protocol family 17
[    3.909781] Key type dns_resolver registered
[    3.926968] mce: Using 0 MCE banks
[    3.937264] RAS: Correctable Errors collector initialized.
[    3.956106] sched_clock: Marking stable (3955788122, 0)->(6902929677, -2947141555)
[    3.991673] registered taskstats version 1
[    4.004955] Loading compiled-in X.509 certificates
[    4.042970] Loaded X.509 cert 'Build time autogenerated kernel key: 53bf99db7da04c05fe17f7beec9ce15c83db2223'
[    4.075044] Loaded X.509 cert 'Canonical Ltd. Live Patch Signing: 14df34d1a87cf37625abec039ef2bf521249b969'
[    4.105721] Loaded X.509 cert 'Canonical Ltd. Kernel Module Signing: 88f752e560a1e0737e31163a466ad7b70a850c19'
[    4.136964] blacklist: Loading compiled-in revocation X.509 certificates
[    4.154618] Loaded X.509 cert 'Canonical Ltd. Secure Boot Signing: 61482aa2830d0ab2ad5af10b7250da9033ddcef0'
[    4.183420] Loaded X.509 cert 'Canonical Ltd. Secure Boot Signing (2017): 242ade75ac4a15e50d50c84b0d45ff3eae707a03'
[    4.214483] Loaded X.509 cert 'Canonical Ltd. Secure Boot Signing (ESM 2018): 365188c1d374d6b07c3c8f240f8ef722433d6a8b'
[    4.246286] Loaded X.509 cert 'Canonical Ltd. Secure Boot Signing (2019): c0746fd6c5da3ae827864651ad66ae47fe24b3e8'
[    4.278319] Loaded X.509 cert 'Canonical Ltd. Secure Boot Signing (2021 v1): a8d54bbb3825cfb94fa13c9f8a594a195c107b8d'
[    4.312711] Loaded X.509 cert 'Canonical Ltd. Secure Boot Signing (2021 v2): 4cf046892d6fd3c9a5b03f98d845f90851dc6a8c'
[    4.343586] Loaded X.509 cert 'Canonical Ltd. Secure Boot Signing (2021 v3): 100437bb6de6e469b581e61cd66bce3ef4ed53af'
[    4.377592] Loaded X.509 cert 'Canonical Ltd. Secure Boot Signing (Ubuntu Core 2019): c1d57b8f6b743f23ee41f4f7ee292f06eecadfb9'
[    4.402571] zswap: loaded using pool lzo/zbud
[    4.466113] Key type big_key registered
[    4.481096] Key type trusted registered
[    4.516941] Key type encrypted registered
[    4.527794] AppArmor: AppArmor sha1 policy hashing enabled
[    4.539439] ima: No TPM chip found, activating TPM-bypass! (rc=-19)
[    4.555998] ima: Allocated hash algorithm: sha1
[    4.570008] evm: HMAC attrs: 0x1
[    4.586530]   Magic number: 7:599:891
[    4.598330] event_source msr: hash matches
[    4.613972] rtc_cmos rtc_cmos: setting system clock to 2023-05-09 15:53:43 UTC (1683647623)
[    4.638815] BIOS EDD facility v0.16 2004-Jun-25, 0 devices found
[    4.657007] EDD information not available.
[    4.682777] Freeing unused kernel image memory: 2480K
[    4.709004] Write protecting the kernel read-only data: 20480k
[    4.726444] Freeing unused kernel image memory: 2008K
[    4.740641] Freeing unused kernel image memory: 1820K
[    4.765056] x86/mm: Checked W+X mappings: passed, no W+X pages found.
Loading, please wait...
starting version 237
[    5.044542] e1000: Intel(R) PRO/1000 Network Driver - version 7.3.21-k8-NAPI
[    5.066198] e1000: Copyright (c) 1999-2006 Intel Corporation.
[    5.113650] Fusion MPT base driver 3.04.20
[    5.124324] Copyright (c) 1999-2008 LSI Corporation
[    5.204913] SSE version of gcm_enc/dec engaged.
[    5.249379] Fusion MPT SPI Host driver 3.04.20
[    5.481898] input: ImExPS/2 Generic Explorer Mouse as /devices/platform/i8042/serio1/input/input4
[    6.742541] e1000 0000:00:03.0 eth0: (PCI:33MHz:32-bit) 02:3e:6f:b6:28:d7
[    6.765459] e1000 0000:00:03.0 eth0: Intel(R) PRO/1000 Network Connection
[    6.800706] mptbase: ioc0: Initiating bringup
[    6.941248] ioc0: LSI53C1030 A0: Capabilities={Initiator}
[    7.249976] scsi host2: ioc0: LSI53C1030 A0, FwRev=00000000h, Ports=1, MaxQ=256, IRQ=20
[    7.447076] scsi 2:0:0:0: Direct-Access     VBOX     HARDDISK         1.0  PQ: 0 ANSI: 5
[    7.500532] scsi target2:0:0: Beginning Domain Validation
[    7.537428] scsi target2:0:0: Domain Validation skipping write tests
[    7.552510] scsi target2:0:0: Ending Domain Validation
[    7.569240] scsi target2:0:0: asynchronous
[    7.588776] scsi 2:0:1:0: Direct-Access     VBOX     HARDDISK         1.0  PQ: 0 ANSI: 5
[    7.896592] scsi target2:0:1: Beginning Domain Validation
[    7.935444] scsi target2:0:1: Domain Validation skipping write tests
[    7.955588] scsi target2:0:1: Ending Domain Validation
[    7.971817] scsi target2:0:1: asynchronous
[    8.019962] sd 2:0:0:0: Attached scsi generic sg0 type 0
[    8.039326] sd 2:0:1:0: Attached scsi generic sg1 type 0
[    8.063107] sd 2:0:0:0: [sda] 83886080 512-byte logical blocks: (42.9 GB/40.0 GiB)
[    8.087720] sd 2:0:1:0: [sdb] 20480 512-byte logical blocks: (10.5 MB/10.0 MiB)
[    8.112736] sd 2:0:0:0: [sda] Write Protect is off
[    8.121874] sd 2:0:0:0: [sda] Incomplete mode parameter data
[    8.136492] sd 2:0:0:0: [sda] Assuming drive cache: write through
[    8.154278] sd 2:0:1:0: [sdb] Write Protect is off
[    8.171329] sd 2:0:1:0: [sdb] Incomplete mode parameter data
[    8.189734] sd 2:0:1:0: [sdb] Assuming drive cache: write through
[    8.218603]  sda: sda1
[    8.237779] sd 2:0:1:0: [sdb] Attached SCSI disk
[    8.257789] sd 2:0:0:0: [sda] Attached SCSI disk
[    8.965184] e1000 0000:00:08.0 eth1: (PCI:33MHz:32-bit) 08:00:27:53:3e:1b
[    8.986629] e1000 0000:00:08.0 eth1: Intel(R) PRO/1000 Network Connection
[    9.026970] e1000 0000:00:08.0 enp0s8: renamed from eth1
[   11.650177] e1000 0000:00:03.0 enp0s3: renamed from eth0
Begin: Loading essential drivers ... [   14.764446] raid6: sse2x1   gen()  5513 MB/s
[   14.827476] raid6: sse2x1   xor()  3065 MB/s
[   14.888808] raid6: sse2x2   gen()  8707 MB/s
[   14.945333] raid6: sse2x2   xor()  4553 MB/s
[   15.004543] raid6: sse2x4   gen()  7536 MB/s
[   15.064661] raid6: sse2x4   xor()  3980 MB/s
[   15.074460] raid6: using algorithm sse2x2 gen() 8707 MB/s
[   15.092611] raid6: .... xor() 4553 MB/s, rmw enabled
[   15.110093] raid6: using ssse3x2 recovery algorithm
[   15.135178] xor: measuring software checksum speed
[   18.670074]    prefetch64-sse: 2133239.000 MB/sec
[   20.646653]    generic_sse: 16626.000 MB/sec
[   20.662697] xor: using function: prefetch64-sse (2133239.000 MB/sec)
[   20.689414] async_tx: api initialized (async)
done.
Begin: Running /scripts/init-premount ... done.
Begin: Mounting root file system ... Begin: Running /scripts/local-top ... done.
Begin: Running /scripts/local-premount ... [   20.914489] Btrfs loaded, crc32c=crc32c-intel
Scanning for Btrfs filesystems
done.
Warning: fsck not present, so skipping root file system
[   21.059631] EXT4-fs (sda1): mounted filesystem with ordered data mode. Opts: (null)
done.
Begin: Running /scripts/local-bottom ... done.
Begin: Running /scripts/init-bottom ... done.
[   21.589036] ip_tables: (C) 2000-2006 Netfilter Core Team
[   21.640933] systemd[1]: systemd 237 running in system mode. (+PAM +AUDIT +SELINUX +IMA +APPARMOR +SMACK +SYSVINIT +UTMP +LIBCRYPTSETUP +GCRYPT +GNUTLS +ACL +XZ +LZ4 +SECCOMP +BLKID +ELFUTILS +KMOD -IDN2 +IDN -PCRE2 default-hierarchy=hybrid)
[   21.701154] systemd[1]: Detected virtualization oracle.
[   21.719056] systemd[1]: Detected architecture x86-64.

Welcome to [1mUbuntu 18.04.6 LTS[0m!

[   21.816601] systemd[1]: Set hostname to <ubuntu>.
[   21.837066] systemd[1]: Initializing machine ID from random generator.
[   21.848724] systemd[1]: Installed transient /etc/machine-id file.
[   23.106257] systemd[1]: Created slice System Slice.
[[0;32m  OK  [0m] Created slice System Slice.
[   23.125120] systemd[1]: Listening on udev Control Socket.
[[0;32m  OK  [0m] Listening on udev Control Socket.
[   23.141755] systemd[1]: Reached target Swap.
[[0;32m  OK  [0m] Reached target Swap.
[   23.153393] systemd[1]: Reached target System Time Synchronized.
[[0;32m  OK  [0m] Reached target System Time Synchronized.
[[0;32m  OK  [0m] Listening on /dev/initctl Compatibility Named Pipe.
[[0;32m  OK  [0m] Listening on Journal Socket (/dev/log).
[[0;32m  OK  [0m] Listening on fsck to fsckd communication Socket.
[[0;32m  OK  [0m] Listening on Journal Audit Socket.
[[0;32m  OK  [0m] Listening on LVM2 metadata daemon socket.
[[0;32m  OK  [0m] Created slice User and Session Slice.
[[0;32m  OK  [0m] Reached target Slices.
[[0;32m  OK  [0m] Listening on LVM2 poll daemon socket.
[[0;32m  OK  [0m] Created slice system-serial\x2dgetty.slice.
[[0;32m  OK  [0m] Listening on Device-mapper event daemon FIFOs.
[[0;32m  OK  [0m] Listening on udev Kernel Socket.
[[0;32m  OK  [0m] Reached target Mounting snaps.
[[0;32m  OK  [0m] Reached target Mounted snaps.
[[0;32m  OK  [0m] Listening on Journal Socket.
         Mounting Kernel Debug File System...
         Starting Load Kernel Modules...
         Starting udev Coldplug all Devices...
         Mounting POSIX Message Queue File System...
         Starting Monitoring of LVM2 mirrors…ng dmeventd or progress polling...
         Mounting Huge Pages File System...
         Starting Set the console keyboard layout...
         Starting Uncomplicated firewall...
[[0;32m  OK  [0m] Reached target User and Group Name Lookups.
         Starting File System Check on Root Device...
[[0;32m  OK  [0m] Listening on Syslog Socket.
         Starting Journal Service...
[[0;32m  OK  [0m] Set up automount Arbitrary Executab…rmats File System Automount Point.
         Starting Create list of required st…ce nodes for the current kernel...
[   23.458638] Loading iSCSI transport class v2.0-870.
[[0;32m  OK  [0m] Started Forward Password Requests to Wall Directory Watch.
[[0;32m  OK  [0m] Listening on Network Service Netlink Socket.
[[0;32m  OK  [0m] Mounted Kernel Debug File System.
[[0;32m  OK  [0m] Mounted POSIX Message Queue File System.
[[0;32m  OK  [0m] Mounted Huge Pages File System.
[[0;32m  OK  [0m] Started Uncomplicated firewall.
[[0;32m  OK  [0m] Started Create list of required sta…vice nodes for the current kernel.
[[0;32m  OK  [0m] Started File System Check Daemon to report status.
         Starting Create Static Device Nodes in /dev...
[[0;32m  OK  [0m] Started LVM2 metadata daemon.
[[0;32m  OK  [0m] Started udev Coldplug all Devices.
[[0;32m  OK  [0m] Started Journal Service.
[   23.849454] iscsi: registered transport (tcp)
[[0;32m  OK  [0m] Started File System Check on Root Device.
[[0;32m  OK  [0m] Started Create Static Device Nodes in /dev.
         Starting Remount Root and Kernel File Systems...
[[0;32m  OK  [0m] Started Monitoring of LVM2 mirrors,…sing dmeventd or progress polling.
[   23.971945] EXT4-fs (sda1): re-mounted. Opts: (null)
[[0;32m  OK  [0m] Started Remount Root and Kernel File Systems.
         Starting Flush Journal to Persistent Storage...
         Starting Load/Save Random Seed...
[   24.077958] iscsi: registered transport (iser)
         Starting udev Kernel Device Manager...
[[0;32m  OK  [0m] Started Load Kernel Modules.
[[0;32m  OK  [0m] Started Set the console keyboard layout.
[[0;32m  OK  [0m] Started Load/Save Random Seed.
[[0;32m  OK  [0m] Reached target Local File Systems (Pre).
[[0;32m  OK  [0m] Reached target Local File Systems.
         Starting Set console font and keymap...
         Starting Commit a transient machine-id on disk...
         Starting Tell Plymouth To Write Out Runtime Data...
         Starting AppArmor initialization...
         Starting ebtables ruleset management...
         Starting Apply Kernel Variables...
         Mounting FUSE Control File System...
         Mounting Kernel Configuration File System...
[[0;32m  OK  [0m] Started Set console font and keymap.
[[0;32m  OK  [0m] Mounted FUSE Control File System.
[[0;32m  OK  [0m] Mounted Kernel Configuration File System.
[   24.346068] systemd-journald[406]: Received request to flush runtime journal from PID 1
[[0;32m  OK  [0m] Started Tell Plymouth To Write Out Runtime Data.
[[0;32m  OK  [0m] Started udev Kernel Device Manager.
[[0;32m  OK  [0m] Started Dispatch Password Requests to Console Directory Watch.
[[0;32m  OK  [0m] Reached target Local Encrypted Volumes.
[[0;32m  OK  [0m] Started Apply Kernel Variables.
[[0;32m  OK  [0m] Started Commit a transient machine-id on disk.
[[0;32m  OK  [0m] Started Flush Journal to Persistent Storage.
         Starting Create Volatile Files and Directories...
[[0;32m  OK  [0m] Started Create Volatile Files and Directories.
         Starting Update UTMP about System Boot/Shutdown...
[[0;32m  OK  [0m] Started ebtables ruleset management.
[[0;32m  OK  [0m] Started Update UTMP about System Boot/Shutdown.
[[0;32m  OK  [0m] Found device /dev/ttyS0.
[[0;32m  OK  [0m] Started AppArmor initialization.
         Starting Load AppArmor profiles managed internally by snapd...
         Starting Initial cloud-init job (pre-networking)...
         Mounting Arbitrary Executable File Formats File System...
[[0;32m  OK  [0m] Listening on Load/Save RF Kill Switch Status /dev/rfkill Watch.
[[0;32m  OK  [0m] Mounted Arbitrary Executable File Formats File System.
[[0;32m  OK  [0m] Started Load AppArmor profiles managed internally by snapd.
[   30.442894] cloud-init[527]: Cloud-init v. 23.1.2-0ubuntu0~18.04.1 running 'init-local' at Tue, 09 May 2023 15:54:08 +0000. Up 29.53 seconds.
[[0;32m  OK  [0m] Started Initial cloud-init job (pre-networking).
[[0;32m  OK  [0m] Reached target Network (Pre).
         Starting Network Service...
[[0;32m  OK  [0m] Started Network Service.
         Starting Network Name Resolution...
         Starting Wait for Network to be Configured...
[[0;32m  OK  [0m] Started Network Name Resolution.
[[0;32m  OK  [0m] Reached target Network.
[[0;32m  OK  [0m] Reached target Host and Network Name Lookups.
[[0;32m  OK  [0m] Started Wait for Network to be Configured.
         Starting Initial cloud-init job (metadata service crawler)...
[   33.303558] cloud-init[650]: Cloud-init v. 23.1.2-0ubuntu0~18.04.1 running 'init' at Tue, 09 May 2023 15:54:11 +0000. Up 33.03 seconds.
[   33.316576] cloud-init[650]: ci-info: ++++++++++++++++++++++++++++++++++++++Net device info+++++++++++++++++++++++++++++++++++++++
[   33.331357] cloud-init[650]: ci-info: +--------+-------+----------------------------+---------------+--------+-------------------+
[   33.349956] cloud-init[650]: ci-info: | Device |   Up  |          Address           |      Mask     | Scope  |     Hw-Address    |
[   33.364326] cloud-init[650]: ci-info: +--------+-------+----------------------------+---------------+--------+-------------------+
[   33.384389] cloud-init[650]: ci-info: | enp0s3 |  True |         10.0.2.15          | 255.255.255.0 | global | 02:3e:6f:b6:28:d7 |
[   33.411928] cloud-init[650]: ci-info: | enp0s3 |  True | fe80::3e:6fff:feb6:28d7/64 |       .       |  link  | 02:3e:6f:b6:28:d7 |
[   33.425204] cloud-init[650]: ci-info: | enp0s8 | False |             .              |       .       |   .    | 08:00:27:53:3e:1b |
[   33.439691] cloud-init[650]: ci-info: |   lo   |  True |         127.0.0.1          |   255.0.0.0   |  host  |         .         |
[   33.452957] cloud-init[650]: ci-info: |   lo   |  True |          ::1/128           |       .       |  host  |         .         |
[   33.470638] cloud-init[650]: ci-info: +--------+-------+----------------------------+---------------+--------+-------------------+
[   33.483298] cloud-init[650]: ci-info: ++++++++++++++++++++++++++++Route IPv4 info+++++++++++++++++++++++++++++
[   33.495290] cloud-init[650]: ci-info: +-------+-------------+----------+-----------------+-----------+-------+
[   33.518915] cloud-init[650]: ci-info: | Route | Destination | Gateway  |     Genmask     | Interface | Flags |
[   33.529852] cloud-init[650]: ci-info: +-------+-------------+----------+-----------------+-----------+-------+
[   33.541170] cloud-init[650]: ci-info: |   0   |   0.0.0.0   | 10.0.2.2 |     0.0.0.0     |   enp0s3  |   UG  |
[   33.551355] cloud-init[650]: ci-info: |   1   |   10.0.2.0  | 0.0.0.0  |  255.255.255.0  |   enp0s3  |   U   |
[   33.563384] cloud-init[650]: ci-info: |   2   |   10.0.2.2  | 0.0.0.0  | 255.255.255.255 |   enp0s3  |   UH  |
[   33.574976] cloud-init[650]: ci-info: +-------+-------------+----------+-----------------+-----------+-------+
[   33.585309] cloud-init[650]: ci-info: +++++++++++++++++++Route IPv6 info+++++++++++++++++++
[   33.595534] cloud-init[650]: ci-info: +-------+-------------+---------+-----------+-------+
[   33.603970] cloud-init[650]: ci-info: | Route | Destination | Gateway | Interface | Flags |
[   33.614288] cloud-init[650]: ci-info: +-------+-------------+---------+-----------+-------+
[   33.623013] cloud-init[650]: ci-info: |   1   |  fe80::/64  |    ::   |   enp0s3  |   U   |
[   33.632073] cloud-init[650]: ci-info: |   3   |    local    |    ::   |   enp0s3  |   U   |
[   33.646450] cloud-init[650]: ci-info: |   4   |   ff00::/8  |    ::   |   enp0s3  |   U   |
[   33.665040] cloud-init[650]: ci-info: +-------+-------------+---------+-----------+-------+
[   35.602637] cloud-init[650]: Generating public/private rsa key pair.
[   35.645586] cloud-init[650]: Your identification has been saved in /etc/ssh/ssh_host_rsa_key.
[   35.661869] cloud-init[650]: Your public key has been saved in /etc/ssh/ssh_host_rsa_key.pub.
[   35.677476] cloud-init[650]: The key fingerprint is:
[   35.687004] cloud-init[650]: SHA256:6IXAhW9dHA8u/5hgfd/DYiWe0if7IdmGKD9DYk/Vnag root@ubuntu-bionic
[   35.703328] cloud-init[650]: The key's randomart image is:
[   35.715045] [[0;32m  OK  [0mcloud-init[650]: +---[RSA 2048]----+
[   35.721800] cloud-init[650]: |     ..  .o.     |
[   35.722415] cloud-init[650]: |   ...   .oo     |
[   35.722980] cloud-init[650]: |    o. .... . o o|
[   35.723618] cloud-init[650]: |     .oo.+   o o.|
[   35.725006] cloud-init[650]: |     .o S o +. . |
[   35.725549] cloud-init[650]: |     . o + E+.O. |
[   35.725599] cloud-init[650]: |      . ..Bo.@.B.|
[   35.725698] cloud-init[650]: |          o+o B o|
[   35.725739] cloud-init[650]: |           .o... |
[   35.725770] cloud-init[650]: +----[SHA256]-----+
[   35.725809] cloud-init[650]: Generating public/private dsa key pair.
[   35.726497] cloud-init[650]: Your identification has been saved in /etc/ssh/ssh_host_dsa_key.
[   35.727314] cloud-init[650]: Your public key has been saved in /etc/ssh/ssh_host_dsa_key.pub.
[   35.727903] cloud-init[650]: The key fingerprint is:
[   35.729237] cloud-init[650]: SHA256:9SHreuNoZlBFRv71M7lvOcnfnyn60dwLsYFHwU+E0Kk root@ubuntu-bionic
[   35.729903] cloud-init[650]: The key's randomart image is:
[   35.729947] cloud-init[650]: +---[DSA 1024]----+
[   35.729991] cloud-init[650]: |         o+.+.+. |
[   35.730033] cloud-init[650]: |         o.  =.. |
[   35.730121] cloud-init[650]: |         .+ o.+  |
[   35.730183] cloud-init[650]: |        .. Eoo o.|
[   35.730240] cloud-init[650]: |       .S ..o+ +.|
[   35.730294] cloud-init[650]: |      .  .  . * =|
[   35.731249] cloud-init[650]: |       .  .  +.++|
[   35.733115] cloud-init[650]: |        +oo  .o=B|
[   35.733994] cloud-init[650]: |       +oo.oo..=O|
[   35.734715] cloud-init[650]: +----[SHA256]-----+
[   35.735371] cloud-init[650]: Generating public/private ecdsa key pair.
[   35.736015] cloud-init[650]: Your identification has been saved in /etc/ssh/ssh_host_ecdsa_key.
[   35.738164] cloud-init[650]: Your public key has been saved in /etc/ssh/ssh_host_ecdsa_key.pub.
[   35.739444] cloud-init[650]: The key fingerprint is:
[   35.741774] cloud-init[650]: SHA256:12cQoJhWD0XF2evsD+enbj6bhG9akhsQtndgawLLKKs root@ubuntu-bionic
[   35.742339] cloud-init[650]: The key's randomart image is:
[   35.742903] cloud-init[650]: +---[ECDSA 256]---+
[   35.743518] cloud-init[650]: |        oo++oo   |
[   35.744515] cloud-init[650]: |       + +  o..  |
[   35.744858] cloud-init[650]: |      + o + +  . |
[   35.745503] cloud-init[650]: |     . o + = +.  |
[   35.745566] cloud-init[650]: |    . . S = =o+  |
[   35.745628] cloud-init[650]: |     o   . = *o  |
[   35.745669] cloud-init[650]: |    .       =.+ .|
[   35.745698] cloud-init[650]: |   .         B==.|
[   35.745731] cloud-init[650]: |  E         o*B=+|
[   35.745771] cloud-init[650]: +----[SHA256]-----+
[   35.745801] cloud-init[650]: Generating public/private ed25519 key pair.
[   35.746519] cloud-init[650]: Your identification has been saved in /etc/ssh/ssh_host_ed25519_key.
[   35.747130] cloud-init[650]: Your public key has been saved in /etc/ssh/ssh_host_ed25519_key.pub.
[   35.747979] cloud-init[650]: The key fingerprint is:
[   35.749641] cloud-init[650]: SHA256:PRlgfwSLcMNXMjv4AO820ODUFi/Zvq4kCykEAtRTGUY root@ubuntu-bionic
[   35.751192] cloud-init[650]: The key's randomart image is:
[   35.751918] cloud-init[650]: +--[ED25519 256]--+
[   35.753682] cloud-init[650]: |o.. oEBo*.+oo    |
[   35.754295] cloud-init[650]: |.  o.+ O+X.*     |
[   35.754840] cloud-init[650]: |o   . o.O.O .    |
[   35.755421] cloud-init[650]: |..     o * =     |
[   35.756019] cloud-init[650]: |  .     S *      |
[   35.757566] cloud-init[650]: | .   . . . o     |
[   35.758313] cloud-init[650]: |  . o . . .      |
[   35.759045] cloud-init[650]: |   . . + .       |
[   35.759674] cloud-init[650]: |      . ...      |
[   35.761507] cloud-init[650]: +----[SHA256]-----+
] Started Initial cloud-init job (metadata service crawler).
[[0;32m  OK  [0m] Reached target Cloud-config availability.
[[0;32m  OK  [0m] Reached target Network is Online.
[[0;32m  OK  [0m] Reached target Remote File Systems (Pre).
[[0;32m  OK  [0m] Reached target Remote File Systems.
         Starting Availability of block devices...
[[0;32m  OK  [0m] Reached target System Initialization.
[[0;32m  OK  [0m] Started Discard unused blocks once a week.
[[0;32m  OK  [0m] Listening on UUID daemon activation socket.
         Starting LXD - unix socket.
[[0;32m  OK  [0m] Started ACPI Events Check.
[[0;32m  OK  [0m] Started Message of the Day.
[[0;32m  OK  [0m] Listening on ACPID Listen Socket.
[[0;32m  OK  [0m] Started Daily apt download activities.
[[0;32m  OK  [0m] Listening on D-Bus System Message Bus Socket.
[[0;32m  OK  [0m] Started Ubuntu Advantage Timer for running repeated jobs.
[[0;32m  OK  [0m] Started Daily apt upgrade and clean activities.
[[0;32m  OK  [0m] Reached target Paths.
[[0;32m  OK  [0m] Started Daily Cleanup of Temporary Directories.
[[0;32m  OK  [0m] Reached target Timers.
[[0;32m  OK  [0m] Listening on cloud-init hotplug hook socket.
[[0;32m  OK  [0m] Listening on Open-iSCSI iscsid Socket.
         Starting Socket activation for snappy daemon.
[[0;32m  OK  [0m] Started Availability of block devices.
[[0;32m  OK  [0m] Listening on LXD - unix socket.
[[0;32m  OK  [0m] Listening on Socket activation for snappy daemon.
[[0;32m  OK  [0m] Reached target Sockets.
[[0;32m  OK  [0m] Reached target Basic System.
         Starting Login Service...
         Starting LSB: automatic crash report generation...
[[0;32m  OK  [0m] Started D-Bus System Message Bus.
         Starting Permit User Sessions...
         Starting Accounts Service...
         Starting Virtualbox guest utils...
[[0;32m  OK  [0m] Reached target Login Prompts (Pre).
         Starting System Logging Service...
         Starting Dispatcher daemon for systemd-networkd...
         Starting LSB: Record successful boot for GRUB...
[[0;32m  OK  [0m] Started FUSE filesystem for LXC.
         Starting LXD - container startup/shutdown...
[[0;32m  OK  [0m] Started Regular background program processing daemon.
[[0;32m  OK  [0m] Started Deferred execution scheduler.
         Starting Snap Daemon...
         Starting Pollinate to seed the pseudo random number generator...
[[0;32m  OK  [0m] Started irqbalance daemon.
[[0;32m  OK  [0m] Started System Logging Service.
[[0;32m  OK  [0m] Started Permit User Sessions.
[[0;32m  OK  [0m] Started Login Service.
         Starting Authorization Manager...
[[0;32m  OK  [0m] Started Unattended Upgrades Shutdown.
         Starting Terminate Plymouth Boot Screen...
         Starting Hold until boot process finishes up...
[[0;32m  OK  [0m] Started Terminate Plymouth Boot Screen.
[[0;32m  OK  [0m] Started Hold until boot process finishes up.
[[0;32m  OK  [0m] Started Serial Getty on ttyS0.
         Starting Set console scheme...
[[0;32m  OK  [0m] Started LSB: automatic crash report generation.
[[0;32m  OK  [0m] Started Set console scheme.
[[0;32m  OK  [0m] Started LSB: Record successful boot for GRUB.
[[0;32m  OK  [0m] Created slice system-getty.slice.
[[0;32m  OK  [0m] Started Getty on tty1.
[[0;32m  OK  [0m] Reached target Login Prompts.
[[0;32m  OK  [0m] Started Authorization Manager.
[[0;32m  OK  [0m] Started Accounts Service.
[[0;32m  OK  [0m] Started LXD - container startup/shutdown.
[[0;32m  OK  [0m] Started Dispatcher daemon for systemd-networkd.
[[0;32m  OK  [0m] Started Virtualbox guest utils.
[[0;32m  OK  [0m] Started Snap Daemon.
         Starting Wait until snapd is fully seeded...
[[0;32m  OK  [0m] Started Pollinate to seed the pseudo random number generator.
         Starting OpenBSD Secure Shell server...
[[0;32m  OK  [0m] Started OpenBSD Secure Shell server.
[[0;32m  OK  [0m] Created slice User Slice of vagrant.
         Starting User Manager for UID 1000...
[[0;32m  OK  [0m] Started Session 1 of user vagrant.
[[0;32m  OK  [0m] Started User Manager for UID 1000.
         Starting Time & Date Service...
[[0;32m  OK  [0m] Started Time & Date Service.
[[0;32m  OK  [0m] Started Wait until snapd is fully seeded.
         Starting Apply the settings specified in cloud-config...

Ubuntu 18.04.6 LTS ubuntu-bionic ttyS0

ubuntu-bionic login: [   44.553694] cloud-init[1214]: Cloud-init v. 23.1.2-0ubuntu0~18.04.1 running 'modules:config' at Tue, 09 May 2023 15:54:21 +0000. Up 42.56 seconds.
ci-info: no authorized SSH keys fingerprints found for user ubuntu.
<14>May  9 15:54:26 cloud-init: #############################################################
<14>May  9 15:54:26 cloud-init: -----BEGIN SSH HOST KEY FINGERPRINTS-----
<14>May  9 15:54:26 cloud-init: 1024 SHA256:9SHreuNoZlBFRv71M7lvOcnfnyn60dwLsYFHwU+E0Kk root@ubuntu-bionic (DSA)
<14>May  9 15:54:26 cloud-init: 256 SHA256:12cQoJhWD0XF2evsD+enbj6bhG9akhsQtndgawLLKKs root@ubuntu-bionic (ECDSA)
<14>May  9 15:54:26 cloud-init: 256 SHA256:PRlgfwSLcMNXMjv4AO820ODUFi/Zvq4kCykEAtRTGUY root@ubuntu-bionic (ED25519)
<14>May  9 15:54:26 cloud-init: 2048 SHA256:6IXAhW9dHA8u/5hgfd/DYiWe0if7IdmGKD9DYk/Vnag root@ubuntu-bionic (RSA)
<14>May  9 15:54:26 cloud-init: -----END SSH HOST KEY FINGERPRINTS-----
<14>May  9 15:54:26 cloud-init: #############################################################
-----BEGIN SSH HOST KEY KEYS-----
ecdsa-sha2-nistp256 AAAAE2VjZHNhLXNoYTItbmlzdHAyNTYAAAAIbmlzdHAyNTYAAABBBMRzmB7QCkCpOyN7WAzSfS94dWZzhT+wv73LktKJMjbyMQyVH0MOYF14xD1DchQVlvlOcpRj++rT3FvNhwT3aNU= root@ubuntu-bionic
ssh-ed25519 AAAAC3NzaC1lZDI1NTE5AAAAID7lcLd7h4BnZt19yGQMlsqXdcVmfYnrFHWL05pTU7qT root@ubuntu-bionic
ssh-rsa AAAAB3NzaC1yc2EAAAADAQABAAABAQDDUeYEft25Z0TgvTHufsylaJ8ulaNDl6jT/h//18rFQxYN7yOuoE9ejCcC3yakJ1bRxzw6QWCueQ2AkODH4i7BRfFlMP88xVk+tp3a86RuzjYneKQqpvaSSFcwD1Nx8U5kaVL6fE66/d7U4eJSDikmyDovT+BDM1G3DIT0v3F5MwqX66n/9eZSZi2qjUnz+zAiv6kTuHO2+xY2Alus2pIEI0T+OM4PE4Q73reOyXXabWQE84u7B2dPaq7QsHGtlwSHVslTPaHN/QFLBhJ3HfsYQ161MOK5dno68+HoBN+kjbkm7thYd/cXdRE+z+gdlYamFmeRviTOnwX+5j1x2nn1 root@ubuntu-bionic
-----END SSH HOST KEY KEYS-----
[   47.348965] cloud-init[1310]: Cloud-init v. 23.1.2-0ubuntu0~18.04.1 running 'modules:final' at Tue, 09 May 2023 15:54:25 +0000. Up 46.36 seconds.
[   47.349902] cloud-init[1310]: Cloud-init v. 23.1.2-0ubuntu0~18.04.1 finished at Tue, 09 May 2023 15:54:26 +0000. Datasource DataSourceNoCloud [seed=/dev/sdb][dsmode=net].  Up 47.29 seconds
         Stopping User Manager for UID 1000...
         Stopping Availability of block devices...
[[0;32m  OK  [0m] Stopped target Timers.
[[0;32m  OK  [0m] Stopped Daily Cleanup of Temporary Directories.
[[0;32m  OK  [0m] Stopped target Graphical Interface.
         Stopping Accounts Service...
[[0;32m  OK  [0m] Stopped target Host and Network Name Lookups.
         Stopping Authorization Manager...
[[0;32m  OK  [0m] Stopped target Cloud-init target.
[[0;32m  OK  [0m] Stopped Execute cloud user/final scripts.
[[0;32m  OK  [0m] Stopped Apply the settings specified in cloud-config.
[[0;32m  OK  [0m] Stopped Message of the Day.
[[0;32m  OK  [0m] Stopped Ubuntu Advantage Timer for running repeated jobs.
[[0;32m  OK  [0m] Closed Load/Save RF Kill Switch Status /dev/rfkill Watch.
[[0;32m  OK  [0m] Stopped Discard unused blocks once a week.
         Stopping Session 7 of user vagrant.
[[0;32m  OK  [0m] Stopped target Cloud-config availability.
[[0;32m  OK  [0m] Stopped target Multi-User System.
         Stopping FUSE filesystem for LXC...
         Stopping Docker Application Container Engine...
         Stopping System Logging Service...
         Stopping LSB: Record successful boot for GRUB...
         Stopping Regular background program processing daemon...
         Stopping Dispatcher daemon for systemd-networkd...
[[0;32m  OK  [0m] Stopped Wait until snapd is fully seeded.
[[0;32m  OK  [0m] Stopped target Login Prompts.
         Stopping Serial Getty on ttyS0...
         Stopping Getty on tty1...
         Stopping OpenBSD Secure Shell server...
         Stopping Deferred execution scheduler...
         Stopping LXD - container startup/shutdown...
         Stopping irqbalance daemon...
         Stopping Virtualbox guest utils...
         Stopping LSB: automatic crash report generation...
[[0;32m  OK  [0m] Stopped Daily apt upgrade and clean activities.
[[0;32m  OK  [0m] Stopped Daily apt download activities.
[[0;32m  OK  [0m] Stopped target System Time Synchronized.
         Stopping D-Bus System Message Bus...
[[0;32m  OK  [0m] Stopped Regular background program processing daemon.
[[0;32m  OK  [0m] Stopped OpenBSD Secure Shell server.
[[0;32m  OK  [0m] Stopped D-Bus System Message Bus.
[[0;32m  OK  [0m] Stopped LXD - container startup/shutdown.
[[0;32m  OK  [0m] Stopped Session 7 of user vagrant.
[[0;32m  OK  [0m] Stopped Dispatcher daemon for systemd-networkd.
[[0;32m  OK  [0m] Stopped Accounts Service.
[[0;32m  OK  [0m] Unmounted /var/lib/lxcfs.
[[0;32m  OK  [0m] Stopped System Logging Service.
[[0;32m  OK  [0m] Stopped Deferred execution scheduler.
[[0;32m  OK  [0m] Stopped irqbalance daemon.
[[0;32m  OK  [0m] Stopped Authorization Manager.
[[0;32m  OK  [0m] Stopped Serial Getty on ttyS0.
[[0;32m  OK  [0m] Stopped Getty on tty1.
[[0;32m  OK  [0m] Stopped Docker Application Container Engine.
[[0;32m  OK  [0m] Stopped User Manager for UID 1000.
[[0;32m  OK  [0m] Stopped Availability of block devices.
[[0;32m  OK  [0m] Stopped FUSE filesystem for LXC.
         Stopping containerd container runtime...
[[0;32m  OK  [0m] Removed slice system-getty.slice.
[[0;32m  OK  [0m] Removed slice system-serial\x2dgetty.slice.
[[0;32m  OK  [0m] Stopped target Login Prompts (Pre).
[[0;32m  OK  [0m] Removed slice User Slice of vagrant.
         Stopping Login Service...
         Stopping Permit User Sessions...
[[0;32m  OK  [0m] Stopped containerd container runtime.
[[0;32m  OK  [0m] Stopped Permit User Sessions.
[[0;32m  OK  [0m] Stopped LSB: Record successful boot for GRUB.
[[0;32m  OK  [0m] Stopped LSB: automatic crash report generation.
[[0;32m  OK  [0m] Stopped target Remote File Systems.
         Unmounting /vagrant...
[[0;32m  OK  [0m] Stopped Login Service.
[[0;32m  OK  [0m] Stopped target User and Group Name Lookups.
[[0;32m  OK  [0m] Stopped Virtualbox guest utils.
[[0;32m  OK  [0m] Stopped target Basic System.
[[0;32m  OK  [0m] Stopped target Paths.
[[0;32m  OK  [0m] Stopped ACPI Events Check.
[[0;32m  OK  [0m] Stopped target Sockets.
[[0;32m  OK  [0m] Closed UUID daemon activation socket.
[[0;32m  OK  [0m] Closed Open-iSCSI iscsid Socket.
[[0;32m  OK  [0m] Closed LXD - unix socket.
[[0;32m  OK  [0m] Closed D-Bus System Message Bus Socket.
[[0;32m  OK  [0m] Closed Socket activation for snappy daemon.
[[0;32m  OK  [0m] Closed Docker Socket for the API.
[[0;32m  OK  [0m] Closed ACPID Listen Socket.
[[0;32m  OK  [0m] Closed Syslog Socket.
[[0;32m  OK  [0m] Closed cloud-init hotplug hook socket.
[[0;32m  OK  [0m] Stopped target Slices.
[[0;32m  OK  [0m] Removed slice User and Session Slice.
[[0;32m  OK  [0m] Stopped target System Initialization.
[[0;32m  OK  [0m] Stopped target Local Encrypted Volumes.
[[0;32m  OK  [0m] Stopped Dispatch Password Requests to Console Directory Watch.
[[0;32m  OK  [0m] Stopped Forward Password Requests to Wall Directory Watch.
         Stopping Load/Save Random Seed...
[[0;32m  OK  [0m] Stopped Commit a transient machine-id on disk.
         Stopping Update UTMP about System Boot/Shutdown...
[[0;32m  OK  [0m] Unmounted /vagrant.
[[0;32m  OK  [0m] Stopped Load/Save Random Seed.
[[0;32m  OK  [0m] Stopped target Network is Online.
[[0;32m  OK  [0m] Stopped Initial cloud-init job (metadata service crawler).
[[0;32m  OK  [0m] Stopped target Network.
         Stopping Network Name Resolution...
[[0;32m  OK  [0m] Stopped target Remote File Systems (Pre).
[[0;32m  OK  [0m] Stopped Update UTMP about System Boot/Shutdown.
[[0;32m  OK  [0m] Stopped Network Name Resolution.
         Stopping Network Service...
[[0;32m  OK  [0m] Stopped Create Volatile Files and Directories.
[[0;32m  OK  [0m] Stopped target Local File Systems.
         Unmounting /run/user/1000...
[[0;32m  OK  [0m] Stopped target Mounted snaps.
[[0;32m  OK  [0m] Stopped target Mounting snaps.
[[0;32m  OK  [0m] Unmounted /run/user/1000.
[[0;32m  OK  [0m] Reached target Unmount All Filesystems.
[[0;32m  OK  [0m] Stopped target Local File Systems (Pre).
[[0;32m  OK  [0m] Stopped Create Static Device Nodes in /dev.
         Stopping Monitoring of LVM2 mirrors…ng dmeventd or progress polling...
[[0;32m  OK  [0m] Stopped target Swap.
[[0;32m  OK  [0m] Stopped Monitoring of LVM2 mirrors,…sing dmeventd or progress polling.
[[0;32m  OK  [0m] Stopped Network Service.
[[0;32m  OK  [0m] Stopped Apply Kernel Variables.
[[0;32m  OK  [0m] Stopped Load Kernel Modules.
[[0;32m  OK  [0m] Stopped target Network (Pre).
[[0;32m  OK  [0m] Stopped Initial cloud-init job (pre-networking).
[[0;32m  OK  [0m] Stopped Remount Root and Kernel File Systems.
[[0;32m  OK  [0m] Reached target Shutdown.
[[0;32m  OK  [0m] Reached target Final Step.
         Starting Power-Off...
         Stopping LVM2 metadata daemon...
[[0;32m  OK  [0m] Stopped LVM2 metadata daemon.
[  340.611107] reboot: Power down
